<?xml version="1.0" encoding="UTF-8"?>
<!-- Generated by org.testng.reporters.JUnitReportReporter -->
<testsuite skipped="0" hostname="user" name="restAssured.Demo3" tests="1" failures="0" timestamp="12 May 2019 13:49:25 GMT" time="3.117" errors="0">
  <testcase name="Test" time="3.117" classname="restAssured.Demo3"/>
</testsuite> <!-- restAssured.Demo3 -->
