<?xml version="1.0" encoding="UTF-8"?>
<!-- Generated by org.testng.reporters.JUnitReportReporter -->
<testsuite skipped="0" hostname="user" name="restapiTesting.Google_Places3" tests="1" failures="0" timestamp="12 May 2019 17:16:36 GMT" time="3.512" errors="0">
  <testcase name="Test3" time="3.512" classname="restapiTesting.Google_Places3"/>
</testsuite> <!-- restapiTesting.Google_Places3 -->
