<?xml version="1.0" encoding="UTF-8"?>
<!-- Generated by org.testng.reporters.JUnitReportReporter -->
<testsuite skipped="0" hostname="user" name="restAssured.Demo5" tests="1" failures="0" timestamp="13 May 2019 09:31:32 GMT" time="4.090" errors="0">
  <testcase name="Test_place" time="4.090" classname="restAssured.Demo5"/>
</testsuite> <!-- restAssured.Demo5 -->
