<?xml version="1.0" encoding="UTF-8"?>
<!-- Generated by org.testng.reporters.JUnitReportReporter -->
<testsuite skipped="0" hostname="user" name="restapiTesting.Google_Places1" tests="1" failures="0" timestamp="12 May 2019 15:11:14 GMT" time="3.407" errors="0">
  <testcase name="Place1" time="3.407" classname="restapiTesting.Google_Places1"/>
</testsuite> <!-- restapiTesting.Google_Places1 -->
