<?xml version="1.0" encoding="UTF-8"?>
<!-- Generated by org.testng.reporters.JUnitReportReporter -->
<testsuite skipped="0" hostname="user" name="restAssured.Demo4" tests="1" failures="0" timestamp="12 May 2019 13:52:46 GMT" time="3.295" errors="0">
  <testcase name="Test_One" time="3.295" classname="restAssured.Demo4"/>
</testsuite> <!-- restAssured.Demo4 -->
